writeLog :: 18:03:28 30.04.2021 ::
by.htp.la.service.exception.ServiceException: by.htp.la.dao.exception.DAOException: Error. DAOsignIn. Login or passowrd incorrect.
	at by.htp.la.service.impl.ClientServiceImpl.singIn(ClientServiceImpl.java:28)
	at by.htp.la.controller.impl.SingIn.execute(SingIn.java:30)
	at by.htp.la.controller.Controller.executeTask(Controller.java:25)
	at by.htp.la.start.Main.main(Main.java:36)
Caused by: by.htp.la.dao.exception.DAOException: Error. DAOsignIn. Login or passowrd incorrect.
	at by.htp.la.dao.impl.FileUserDAO.signIn(FileUserDAO.java:46)
	at by.htp.la.service.impl.ClientServiceImpl.singIn(ClientServiceImpl.java:25)
	... 3 more

writeLog :: 18:04:22 30.04.2021 ::
by.htp.la.service.exception.ServiceException: by.htp.la.dao.exception.DAOException: Error. AddBook. Book exist.
	at by.htp.la.service.impl.LibraryServiceImpl.addNewBook(LibraryServiceImpl.java:30)
	at by.htp.la.controller.impl.AddBook.execute(AddBook.java:22)
	at by.htp.la.controller.Controller.executeTask(Controller.java:25)
	at by.htp.la.start.Main.main(Main.java:239)
Caused by: by.htp.la.dao.exception.DAOException: Error. AddBook. Book exist.
	at by.htp.la.dao.impl.FileBookDAO.addBook(FileBookDAO.java:47)
	at by.htp.la.service.impl.LibraryServiceImpl.addNewBook(LibraryServiceImpl.java:26)
	... 3 more

writeLog :: 18:05:03 30.04.2021 ::
by.htp.la.service.exception.ServiceException: by.htp.la.dao.exception.DAOException: Error. DeleteBook. Book not found.
	at by.htp.la.service.impl.LibraryServiceImpl.deleteBook(LibraryServiceImpl.java:72)
	at by.htp.la.controller.impl.DeleteBook.execute(DeleteBook.java:21)
	at by.htp.la.controller.Controller.executeTask(Controller.java:25)
	at by.htp.la.start.Main.main(Main.java:239)
Caused by: by.htp.la.dao.exception.DAOException: Error. DeleteBook. Book not found.
	at by.htp.la.dao.impl.FileBookDAO.deleteBook(FileBookDAO.java:107)
	at by.htp.la.service.impl.LibraryServiceImpl.deleteBook(LibraryServiceImpl.java:69)
	... 3 more

writeLog :: 18:11:20 30.04.2021 ::
by.htp.la.service.exception.ServiceException: by.htp.la.dao.exception.DAOException: Error. EditedBook. Book ID:4not found.
	at by.htp.la.service.impl.LibraryServiceImpl.addEditedBook(LibraryServiceImpl.java:52)
	at by.htp.la.controller.impl.EditBook.execute(EditBook.java:21)
	at by.htp.la.controller.Controller.executeTask(Controller.java:25)
	at by.htp.la.start.Main.main(Main.java:239)
Caused by: by.htp.la.dao.exception.DAOException: Error. EditedBook. Book ID:4not found.
	at by.htp.la.dao.impl.FileBookDAO.addEditedBook(FileBookDAO.java:90)
	at by.htp.la.service.impl.LibraryServiceImpl.addEditedBook(LibraryServiceImpl.java:49)
	... 3 more

writeLog :: 19:36:37 30.04.2021 ::
by.htp.la.service.exception.ServiceException: by.htp.la.dao.exception.DAOException: Error. DAOsignIn. Login or passowrd incorrect.
	at by.htp.la.service.impl.ClientServiceImpl.singIn(ClientServiceImpl.java:28)
	at by.htp.la.controller.impl.SingIn.execute(SingIn.java:30)
	at by.htp.la.controller.Controller.executeTask(Controller.java:25)
	at by.htp.la.start.Main.main(Main.java:36)
Caused by: by.htp.la.dao.exception.DAOException: Error. DAOsignIn. Login or passowrd incorrect.
	at by.htp.la.dao.impl.FileUserDAO.signIn(FileUserDAO.java:46)
	at by.htp.la.service.impl.ClientServiceImpl.singIn(ClientServiceImpl.java:25)
	... 3 more

writeLog :: 18:30:39 01.05.2021 ::
by.htp.la.service.exception.ServiceException: Error. User in file.
	at by.htp.la.service.impl.ClientServiceImpl.registrationUser(ClientServiceImpl.java:79)
	at by.htp.la.controller.impl.Rregistration.execute(Rregistration.java:27)
	at by.htp.la.controller.Controller.executeTask(Controller.java:25)
	at by.htp.la.start.Main.main(Main.java:183)

